<?xml version="1.0" ?>
<coverage version="7.16.0" timestamp="1788085325958" lines-valid="17" lines-covered="14" line-rate="0.8235" branches-covered="0" branches-valid="0" branch-rate="0" complexity="0">
	<!-- Generated by coverage.py: https://coverage.readthedocs.io/en/7.16.0 -->
	<!-- Based on https://raw.githubusercontent.com/cobertura/web/master/htdocs/xml/coverage-04.dtd -->
	<sources>
		<source>/Users/rajmishra/Desktop/agada-platform/packages/backend/triage-service/src</source>
	</sources>
	<packages>
		<package name="." line-rate="0.8235" branch-rate="0" complexity="0">
			<classes>
				<class name="__init__.py" filename="__init__.py" complexity="0" line-rate="1" branch-rate="0">
					<methods/>
					<lines/>
				</class>
				<class name="main.py" filename="main.py" complexity="0" line-rate="0.8235" branch-rate="0">
					<methods/>
					<lines>
						<line number="1" hits="1"/>
						<line number="2" hits="1"/>
						<line number="3" hits="1"/>
						<line number="4" hits="1"/>
						<line number="5" hits="1"/>
						<line number="7" hits="1"/>
						<line number="10" hits="1"/>
						<line number="11" hits="1"/>
						<line number="12" hits="1"/>
						<line number="15" hits="1"/>
						<line number="19" hits="1"/>
						<line number="22" hits="1"/>
						<line number="23" hits="1"/>
						<line number="25" hits="0"/>
						<line number="32" hits="1"/>
						<line number="33" hits="0"/>
						<line number="34" hits="0"/>
					</lines>
				</class>
			</classes>
		</package>
	</packages>
</coverage>
